2016-04-20 00:14:13 trace :
------------
Array:
from : oVALhjtDkDwly4owLBEgM8btMR_I ;
to : gh_0263783d11a1 ;
time : 1461082452 ;
type : event ;
event : VIEW ;
tousername : gh_0263783d11a1 ;
fromusername : oVALhjtDkDwly4owLBEgM8btMR_I ;
createtime : 1461082452 ;
msgtype : event ;
eventkey : http://6s.weidianpu.net.cn/app/index.php?i=8&c=entry&do=shop&m=ewei_shop ;
menuid : 403798568 ;

2016-04-20 00:14:13 params :
------------
Array:
rule : -2 ;
module :  ;
message : Array ;

2016-04-20 00:14:13 response :
------------

2016-04-20 09:05:27 trace :
------------
Array:
from : oVALhjo6XXKiT9Hw1AyTBu-E4KbA ;
to : gh_0263783d11a1 ;
time : 1461114327 ;
type : event ;
event : VIEW ;
tousername : gh_0263783d11a1 ;
fromusername : oVALhjo6XXKiT9Hw1AyTBu-E4KbA ;
createtime : 1461114327 ;
msgtype : event ;
eventkey : http://6s.weidianpu.net.cn/app/index.php?i=8&c=entry&do=shop&m=ewei_shop ;
menuid : 403798568 ;

2016-04-20 09:05:27 params :
------------
Array:
rule : -2 ;
module :  ;
message : Array ;

2016-04-20 09:05:27 response :
------------

2016-04-20 09:37:17 trace :
------------
Array:
from : oVALhjl5F20lSbXVtiftkmgCWsgI ;
to : gh_0263783d11a1 ;
time : 1461116237 ;
type : qr ;
event : SCAN ;
tousername : gh_0263783d11a1 ;
fromusername : oVALhjl5F20lSbXVtiftkmgCWsgI ;
createtime : 1461116237 ;
msgtype : event ;
eventkey : 100001 ;
ticket : gQF28DoAAAAAAAAAASxodHRwOi8vd2VpeGluLnFxLmNvbS9xL2JuVy1TNEhtbEdidENfNlZsbHVRAAIENs0VVwMEgDoJAA== ;
scene : 100001 ;

2016-04-20 09:37:17 params :
------------
Array:
message : Array ;
module : cover ;
rule : 10 ;
priority : 0 ;
keyword : Array ;

2016-04-20 09:37:17 response :
------------
Array:
FromUserName : gh_0263783d11a1 ;
ToUserName : oVALhjl5F20lSbXVtiftkmgCWsgI ;
MsgType : news ;
ArticleCount : 1 ;
Articles : Array ;

2016-04-20 09:48:45 trace :
------------
Array:
from : oVALhjo6XXKiT9Hw1AyTBu-E4KbA ;
to : gh_0263783d11a1 ;
time : 1461116925 ;
type : event ;
event : VIEW ;
tousername : gh_0263783d11a1 ;
fromusername : oVALhjo6XXKiT9Hw1AyTBu-E4KbA ;
createtime : 1461116925 ;
msgtype : event ;
eventkey : http://6s.weidianpu.net.cn/app/index.php?i=8&c=entry&do=shop&m=ewei_shop ;
menuid : 403798568 ;

2016-04-20 09:48:45 params :
------------
Array:
rule : -2 ;
module :  ;
message : Array ;

2016-04-20 09:48:45 response :
------------

2016-04-20 10:29:22 trace :
------------
Array:
from : oVALhjo6XXKiT9Hw1AyTBu-E4KbA ;
to : gh_0263783d11a1 ;
time : 1461119362 ;
type : event ;
event : VIEW ;
tousername : gh_0263783d11a1 ;
fromusername : oVALhjo6XXKiT9Hw1AyTBu-E4KbA ;
createtime : 1461119362 ;
msgtype : event ;
eventkey : http://6s.weidianpu.net.cn/app/index.php?i=8&c=entry&do=shop&m=ewei_shop ;
menuid : 403798568 ;

2016-04-20 10:29:22 params :
------------
Array:
rule : -2 ;
module :  ;
message : Array ;

2016-04-20 10:29:22 response :
------------

2016-04-20 10:46:28 trace :
------------
Array:
from : oVALhjo6XXKiT9Hw1AyTBu-E4KbA ;
to : gh_0263783d11a1 ;
time : 1461120388 ;
type : event ;
event : VIEW ;
tousername : gh_0263783d11a1 ;
fromusername : oVALhjo6XXKiT9Hw1AyTBu-E4KbA ;
createtime : 1461120388 ;
msgtype : event ;
eventkey : http://6s.weidianpu.net.cn/app/index.php?i=8&c=entry&do=shop&m=ewei_shop ;
menuid : 403798568 ;

2016-04-20 10:46:28 params :
------------
Array:
rule : -2 ;
module :  ;
message : Array ;

2016-04-20 10:46:28 response :
------------

2016-04-20 10:46:31 trace :
------------
Array:
from : oVALhjo6XXKiT9Hw1AyTBu-E4KbA ;
to : gh_0263783d11a1 ;
time : 1461120391 ;
type : event ;
event : VIEW ;
tousername : gh_0263783d11a1 ;
fromusername : oVALhjo6XXKiT9Hw1AyTBu-E4KbA ;
createtime : 1461120391 ;
msgtype : event ;
eventkey : http://6s.weidianpu.net.cn/app/index.php?i=8&c=entry&do=shop&m=ewei_shop ;
menuid : 403798568 ;

2016-04-20 10:46:31 params :
------------
Array:
rule : -2 ;
module :  ;
message : Array ;

2016-04-20 10:46:31 response :
------------

2016-04-20 11:18:47 trace :
------------
Array:
from : oVALhjo6XXKiT9Hw1AyTBu-E4KbA ;
to : gh_0263783d11a1 ;
time : 1461122327 ;
type : event ;
event : VIEW ;
tousername : gh_0263783d11a1 ;
fromusername : oVALhjo6XXKiT9Hw1AyTBu-E4KbA ;
createtime : 1461122327 ;
msgtype : event ;
eventkey : http://6s.weidianpu.net.cn/app/index.php?i=8&c=entry&do=shop&m=ewei_shop ;
menuid : 403798568 ;

2016-04-20 11:18:47 params :
------------
Array:
rule : -2 ;
module :  ;
message : Array ;

2016-04-20 11:18:47 response :
------------

2016-04-20 11:43:47 trace :
------------
Array:
from : oVALhjo6XXKiT9Hw1AyTBu-E4KbA ;
to : gh_0263783d11a1 ;
time : 1461123827 ;
type : event ;
event : VIEW ;
tousername : gh_0263783d11a1 ;
fromusername : oVALhjo6XXKiT9Hw1AyTBu-E4KbA ;
createtime : 1461123827 ;
msgtype : event ;
eventkey : http://6s.weidianpu.net.cn/app/index.php?i=8&c=entry&do=shop&m=ewei_shop ;
menuid : 403798568 ;

2016-04-20 11:43:47 params :
------------
Array:
rule : -2 ;
module :  ;
message : Array ;

2016-04-20 11:43:47 response :
------------

2016-04-20 11:43:54 trace :
------------
Array:
from : oVALhjo6XXKiT9Hw1AyTBu-E4KbA ;
to : gh_0263783d11a1 ;
time : 1461123834 ;
type : event ;
event : VIEW ;
tousername : gh_0263783d11a1 ;
fromusername : oVALhjo6XXKiT9Hw1AyTBu-E4KbA ;
createtime : 1461123834 ;
msgtype : event ;
eventkey : http://6s.weidianpu.net.cn/app/index.php?i=8&c=entry&do=shop&m=ewei_shop ;
menuid : 403798568 ;

2016-04-20 11:43:54 params :
------------
Array:
rule : -2 ;
module :  ;
message : Array ;

2016-04-20 11:43:54 response :
------------

2016-04-20 11:44:01 trace :
------------
Array:
from : oVALhjo6XXKiT9Hw1AyTBu-E4KbA ;
to : gh_0263783d11a1 ;
time : 1461123841 ;
type : event ;
event : VIEW ;
tousername : gh_0263783d11a1 ;
fromusername : oVALhjo6XXKiT9Hw1AyTBu-E4KbA ;
createtime : 1461123841 ;
msgtype : event ;
eventkey : http://6s.weidianpu.net.cn/app/index.php?i=8&c=entry&do=shop&m=ewei_shop ;
menuid : 403798568 ;

2016-04-20 11:44:01 params :
------------
Array:
rule : -2 ;
module :  ;
message : Array ;

2016-04-20 11:44:01 response :
------------

2016-04-20 11:46:19 trace :
------------
Array:
from : oVALhjo6XXKiT9Hw1AyTBu-E4KbA ;
to : gh_0263783d11a1 ;
time : 1461123979 ;
type : event ;
event : VIEW ;
tousername : gh_0263783d11a1 ;
fromusername : oVALhjo6XXKiT9Hw1AyTBu-E4KbA ;
createtime : 1461123979 ;
msgtype : event ;
eventkey : http://6s.weidianpu.net.cn/app/index.php?i=8&c=entry&do=shop&m=ewei_shop ;
menuid : 403798568 ;

2016-04-20 11:46:19 params :
------------
Array:
rule : -2 ;
module :  ;
message : Array ;

2016-04-20 11:46:19 response :
------------

2016-04-20 11:55:02 trace :
------------
Array:
from : oVALhjo6XXKiT9Hw1AyTBu-E4KbA ;
to : gh_0263783d11a1 ;
time : 1461124502 ;
type : event ;
event : VIEW ;
tousername : gh_0263783d11a1 ;
fromusername : oVALhjo6XXKiT9Hw1AyTBu-E4KbA ;
createtime : 1461124502 ;
msgtype : event ;
eventkey : http://6s.weidianpu.net.cn/app/index.php?i=8&c=entry&do=shop&m=ewei_shop ;
menuid : 403798568 ;

2016-04-20 11:55:02 params :
------------
Array:
rule : -2 ;
module :  ;
message : Array ;

2016-04-20 11:55:02 response :
------------

2016-04-20 12:01:09 trace :
------------
Array:
from : oVALhjo6XXKiT9Hw1AyTBu-E4KbA ;
to : gh_0263783d11a1 ;
time : 1461124868 ;
type : event ;
event : VIEW ;
tousername : gh_0263783d11a1 ;
fromusername : oVALhjo6XXKiT9Hw1AyTBu-E4KbA ;
createtime : 1461124868 ;
msgtype : event ;
eventkey : http://6s.weidianpu.net.cn/app/index.php?i=8&c=entry&do=shop&m=ewei_shop ;
menuid : 403798568 ;

2016-04-20 12:01:09 params :
------------
Array:
rule : -2 ;
module :  ;
message : Array ;

2016-04-20 12:01:09 response :
------------

2016-04-20 13:26:02 trace :
------------
Array:
from : oVALhjo6XXKiT9Hw1AyTBu-E4KbA ;
to : gh_0263783d11a1 ;
time : 1461129962 ;
type : event ;
event : VIEW ;
tousername : gh_0263783d11a1 ;
fromusername : oVALhjo6XXKiT9Hw1AyTBu-E4KbA ;
createtime : 1461129962 ;
msgtype : event ;
eventkey : http://6s.weidianpu.net.cn/app/index.php?i=8&c=entry&do=shop&m=ewei_shop ;
menuid : 403798568 ;

2016-04-20 13:26:02 params :
------------
Array:
rule : -2 ;
module :  ;
message : Array ;

2016-04-20 13:26:02 response :
------------

2016-04-20 13:33:21 trace :
------------
Array:
from : oVALhjo6XXKiT9Hw1AyTBu-E4KbA ;
to : gh_0263783d11a1 ;
time : 1461130401 ;
type : event ;
event : VIEW ;
tousername : gh_0263783d11a1 ;
fromusername : oVALhjo6XXKiT9Hw1AyTBu-E4KbA ;
createtime : 1461130401 ;
msgtype : event ;
eventkey : http://6s.weidianpu.net.cn/app/index.php?i=8&c=entry&do=shop&m=ewei_shop ;
menuid : 403798568 ;

2016-04-20 13:33:21 params :
------------
Array:
rule : -2 ;
module :  ;
message : Array ;

2016-04-20 13:33:21 response :
------------

2016-04-20 13:46:04 trace :
------------
Array:
from : oVALhjo6XXKiT9Hw1AyTBu-E4KbA ;
to : gh_0263783d11a1 ;
time : 1461131164 ;
type : event ;
event : VIEW ;
tousername : gh_0263783d11a1 ;
fromusername : oVALhjo6XXKiT9Hw1AyTBu-E4KbA ;
createtime : 1461131164 ;
msgtype : event ;
eventkey : http://6s.weidianpu.net.cn/app/index.php?i=8&c=entry&do=shop&m=ewei_shop ;
menuid : 403798568 ;

2016-04-20 13:46:04 params :
------------
Array:
rule : -2 ;
module :  ;
message : Array ;

2016-04-20 13:46:04 response :
------------

2016-04-20 14:20:54 trace :
------------
Array:
from : oVALhjvdvAjek-3Dcpwwb6ouFyNA ;
to : gh_0263783d11a1 ;
time : 1461133254 ;
type : event ;
event : VIEW ;
tousername : gh_0263783d11a1 ;
fromusername : oVALhjvdvAjek-3Dcpwwb6ouFyNA ;
createtime : 1461133254 ;
msgtype : event ;
eventkey : http://6s.weidianpu.net.cn/app/index.php?i=8&c=entry&do=shop&m=ewei_shop ;
menuid : 403798568 ;

2016-04-20 14:20:54 params :
------------
Array:
rule : -2 ;
module :  ;
message : Array ;

2016-04-20 14:20:54 response :
------------

2016-04-20 14:41:07 trace :
------------
Array:
from : oVALhjsnCRrd-xsgpdnviVQoDZAI ;
to : gh_0263783d11a1 ;
time : 1461134467 ;
type : event ;
event : subscribe ;
tousername : gh_0263783d11a1 ;
fromusername : oVALhjsnCRrd-xsgpdnviVQoDZAI ;
createtime : 1461134467 ;
msgtype : event ;
eventkey :  ;

2016-04-20 14:41:07 params :
------------
Array:
rule : -2 ;
module :  ;
message : Array ;

2016-04-20 14:41:07 response :
------------

2016-04-20 14:41:21 trace :
------------
Array:
from : oVALhjsnCRrd-xsgpdnviVQoDZAI ;
to : gh_0263783d11a1 ;
time : 1461134481 ;
type : event ;
event : VIEW ;
tousername : gh_0263783d11a1 ;
fromusername : oVALhjsnCRrd-xsgpdnviVQoDZAI ;
createtime : 1461134481 ;
msgtype : event ;
eventkey : http://6s.weidianpu.net.cn/app/index.php?i=8&c=entry&do=shop&m=ewei_shop ;
menuid : 403798568 ;

2016-04-20 14:41:21 params :
------------
Array:
rule : -2 ;
module :  ;
message : Array ;

2016-04-20 14:41:21 response :
------------

2016-04-20 14:41:34 trace :
------------
Array:
from : oVALhjsnCRrd-xsgpdnviVQoDZAI ;
to : gh_0263783d11a1 ;
time : 1461134494 ;
type : event ;
event : VIEW ;
tousername : gh_0263783d11a1 ;
fromusername : oVALhjsnCRrd-xsgpdnviVQoDZAI ;
createtime : 1461134494 ;
msgtype : event ;
eventkey : http://6s.weidianpu.net.cn/app/index.php?i=8&c=entry&do=shop&m=ewei_shop ;
menuid : 403798568 ;

2016-04-20 14:41:34 params :
------------
Array:
rule : -2 ;
module :  ;
message : Array ;

2016-04-20 14:41:34 response :
------------

2016-04-20 15:00:59 trace :
------------
Array:
from : oVALhjo6XXKiT9Hw1AyTBu-E4KbA ;
to : gh_0263783d11a1 ;
time : 1461135659 ;
type : event ;
event : VIEW ;
tousername : gh_0263783d11a1 ;
fromusername : oVALhjo6XXKiT9Hw1AyTBu-E4KbA ;
createtime : 1461135659 ;
msgtype : event ;
eventkey : http://6s.weidianpu.net.cn/app/index.php?i=8&c=entry&do=shop&m=ewei_shop ;
menuid : 403798568 ;

2016-04-20 15:00:59 params :
------------
Array:
rule : -2 ;
module :  ;
message : Array ;

2016-04-20 15:00:59 response :
------------

2016-04-20 21:03:44 trace :
------------
Array:
from : oVALhjlL6B_inotSTR6Bs2bvBImM ;
to : gh_0263783d11a1 ;
time : 1461157423 ;
type : text ;
event :  ;
tousername : gh_0263783d11a1 ;
fromusername : oVALhjlL6B_inotSTR6Bs2bvBImM ;
createtime : 1461157423 ;
msgtype : text ;
content : 不 ;
msgid : 6275623346496467397 ;
redirection :  ;
source :  ;

2016-04-20 21:03:44 params :
------------
Array:
rule : -2 ;
module :  ;
message : Array ;

2016-04-20 21:03:44 response :
------------

2016-04-20 21:03:48 trace :
------------
Array:
from : oVALhjlL6B_inotSTR6Bs2bvBImM ;
to : gh_0263783d11a1 ;
time : 1461157428 ;
type : text ;
event :  ;
tousername : gh_0263783d11a1 ;
fromusername : oVALhjlL6B_inotSTR6Bs2bvBImM ;
createtime : 1461157428 ;
msgtype : text ;
content : 1 ;
msgid : 6275623367971303880 ;
redirection :  ;
source :  ;

2016-04-20 21:03:48 params :
------------
Array:
rule : -2 ;
module :  ;
message : Array ;

2016-04-20 21:03:48 response :
------------

